<?xml version="1.0" encoding="UTF-8"?>
<testsuite xmlns:xsi="http://www.w3.org/2001/XMLSchema-instance" xsi:noNamespaceSchemaLocation="https://maven.apache.org/surefire/maven-surefire-plugin/xsd/surefire-test-report.xsd" version="3.0.2" name="TestSuite" time="37.864" tests="4" errors="0" skipped="0" failures="0">
  <properties>
    <property name="java.specification.version" value="21"/>
    <property name="sun.jnu.encoding" value="UTF-8"/>
    <property name="java.class.path" value="/home/jihadali/Documents/Java-Maven-Learn/Sample_Project_java/target/test-classes:/home/jihadali/Documents/Java-Maven-Learn/Sample_Project_java/target/classes:/home/jihadali/.m2/repository/org/seleniumhq/selenium/selenium-java/4.35.0/selenium-java-4.35.0.jar:/home/jihadali/.m2/repository/org/seleniumhq/selenium/selenium-api/4.35.0/selenium-api-4.35.0.jar:/home/jihadali/.m2/repository/org/jspecify/jspecify/1.0.0/jspecify-1.0.0.jar:/home/jihadali/.m2/repository/org/seleniumhq/selenium/selenium-chrome-driver/4.35.0/selenium-chrome-driver-4.35.0.jar:/home/jihadali/.m2/repository/org/seleniumhq/selenium/selenium-chromium-driver/4.35.0/selenium-chromium-driver-4.35.0.jar:/home/jihadali/.m2/repository/org/seleniumhq/selenium/selenium-devtools-v137/4.35.0/selenium-devtools-v137-4.35.0.jar:/home/jihadali/.m2/repository/org/seleniumhq/selenium/selenium-devtools-v138/4.35.0/selenium-devtools-v138-4.35.0.jar:/home/jihadali/.m2/repository/org/seleniumhq/selenium/selenium-devtools-v139/4.35.0/selenium-devtools-v139-4.35.0.jar:/home/jihadali/.m2/repository/org/seleniumhq/selenium/selenium-edge-driver/4.35.0/selenium-edge-driver-4.35.0.jar:/home/jihadali/.m2/repository/org/seleniumhq/selenium/selenium-firefox-driver/4.35.0/selenium-firefox-driver-4.35.0.jar:/home/jihadali/.m2/repository/org/seleniumhq/selenium/selenium-ie-driver/4.35.0/selenium-ie-driver-4.35.0.jar:/home/jihadali/.m2/repository/org/seleniumhq/selenium/selenium-remote-driver/4.35.0/selenium-remote-driver-4.35.0.jar:/home/jihadali/.m2/repository/io/opentelemetry/opentelemetry-api/1.53.0/opentelemetry-api-1.53.0.jar:/home/jihadali/.m2/repository/io/opentelemetry/opentelemetry-context/1.53.0/opentelemetry-context-1.53.0.jar:/home/jihadali/.m2/repository/io/opentelemetry/opentelemetry-common/1.53.0/opentelemetry-common-1.53.0.jar:/home/jihadali/.m2/repository/io/opentelemetry/opentelemetry-exporter-logging/1.53.0/opentelemetry-exporter-logging-1.53.0.jar:/home/jihadali/.m2/repository/io/opentelemetry/opentelemetry-sdk-common/1.53.0/opentelemetry-sdk-common-1.53.0.jar:/home/jihadali/.m2/repository/io/opentelemetry/opentelemetry-sdk-extension-autoconfigure-spi/1.53.0/opentelemetry-sdk-extension-autoconfigure-spi-1.53.0.jar:/home/jihadali/.m2/repository/io/opentelemetry/opentelemetry-sdk-extension-autoconfigure/1.53.0/opentelemetry-sdk-extension-autoconfigure-1.53.0.jar:/home/jihadali/.m2/repository/io/opentelemetry/opentelemetry-sdk-trace/1.53.0/opentelemetry-sdk-trace-1.53.0.jar:/home/jihadali/.m2/repository/io/opentelemetry/opentelemetry-sdk/1.53.0/opentelemetry-sdk-1.53.0.jar:/home/jihadali/.m2/repository/io/opentelemetry/opentelemetry-sdk-metrics/1.53.0/opentelemetry-sdk-metrics-1.53.0.jar:/home/jihadali/.m2/repository/io/opentelemetry/opentelemetry-sdk-logs/1.53.0/opentelemetry-sdk-logs-1.53.0.jar:/home/jihadali/.m2/repository/net/bytebuddy/byte-buddy/1.17.6/byte-buddy-1.17.6.jar:/home/jihadali/.m2/repository/org/seleniumhq/selenium/selenium-os/4.35.0/selenium-os-4.35.0.jar:/home/jihadali/.m2/repository/org/apache/commons/commons-exec/1.5.0/commons-exec-1.5.0.jar:/home/jihadali/.m2/repository/org/seleniumhq/selenium/selenium-safari-driver/4.35.0/selenium-safari-driver-4.35.0.jar:/home/jihadali/.m2/repository/org/seleniumhq/selenium/selenium-support/4.35.0/selenium-support-4.35.0.jar:/home/jihadali/.m2/repository/org/seleniumhq/selenium/selenium-grid/4.35.0/selenium-grid-4.35.0.jar:/home/jihadali/.m2/repository/com/beust/jcommander/1.82/jcommander-1.82.jar:/home/jihadali/.m2/repository/com/github/ben-manes/caffeine/caffeine/3.2.2/caffeine-3.2.2.jar:/home/jihadali/.m2/repository/com/google/errorprone/error_prone_annotations/2.40.0/error_prone_annotations-2.40.0.jar:/home/jihadali/.m2/repository/com/google/auto/service/auto-service-annotations/1.1.1/auto-service-annotations-1.1.1.jar:/home/jihadali/.m2/repository/com/google/guava/guava/33.4.8-jre/guava-33.4.8-jre.jar:/home/jihadali/.m2/repository/com/google/guava/failureaccess/1.0.3/failureaccess-1.0.3.jar:/home/jihadali/.m2/repository/com/google/guava/listenablefuture/9999.0-empty-to-avoid-conflict-with-guava/listenablefuture-9999.0-empty-to-avoid-conflict-with-guava.jar:/home/jihadali/.m2/repository/com/google/j2objc/j2objc-annotations/3.0.0/j2objc-annotations-3.0.0.jar:/home/jihadali/.m2/repository/com/graphql-java/graphql-java/24.1/graphql-java-24.1.jar:/home/jihadali/.m2/repository/com/graphql-java/java-dataloader/5.0.0/java-dataloader-5.0.0.jar:/home/jihadali/.m2/repository/org/reactivestreams/reactive-streams/1.0.3/reactive-streams-1.0.3.jar:/home/jihadali/.m2/repository/dev/failsafe/failsafe/3.3.2/failsafe-3.3.2.jar:/home/jihadali/.m2/repository/io/netty/netty-buffer/4.1.121.Final/netty-buffer-4.1.121.Final.jar:/home/jihadali/.m2/repository/io/netty/netty-codec-http/4.1.121.Final/netty-codec-http-4.1.121.Final.jar:/home/jihadali/.m2/repository/io/netty/netty-codec/4.1.121.Final/netty-codec-4.1.121.Final.jar:/home/jihadali/.m2/repository/io/netty/netty-common/4.1.121.Final/netty-common-4.1.121.Final.jar:/home/jihadali/.m2/repository/io/netty/netty-handler/4.1.121.Final/netty-handler-4.1.121.Final.jar:/home/jihadali/.m2/repository/io/netty/netty-resolver/4.1.121.Final/netty-resolver-4.1.121.Final.jar:/home/jihadali/.m2/repository/io/netty/netty-transport-native-unix-common/4.1.121.Final/netty-transport-native-unix-common-4.1.121.Final.jar:/home/jihadali/.m2/repository/io/netty/netty-transport/4.1.121.Final/netty-transport-4.1.121.Final.jar:/home/jihadali/.m2/repository/org/bouncycastle/bcpkix-jdk18on/1.81/bcpkix-jdk18on-1.81.jar:/home/jihadali/.m2/repository/org/bouncycastle/bcutil-jdk18on/1.81/bcutil-jdk18on-1.81.jar:/home/jihadali/.m2/repository/org/bouncycastle/bcprov-jdk18on/1.81/bcprov-jdk18on-1.81.jar:/home/jihadali/.m2/repository/org/seleniumhq/selenium/selenium-http/4.35.0/selenium-http-4.35.0.jar:/home/jihadali/.m2/repository/org/seleniumhq/selenium/selenium-json/4.35.0/selenium-json-4.35.0.jar:/home/jihadali/.m2/repository/org/seleniumhq/selenium/selenium-manager/4.35.0/selenium-manager-4.35.0.jar:/home/jihadali/.m2/repository/org/tomlj/tomlj/1.1.1/tomlj-1.1.1.jar:/home/jihadali/.m2/repository/org/antlr/antlr4-runtime/4.11.1/antlr4-runtime-4.11.1.jar:/home/jihadali/.m2/repository/org/checkerframework/checker-qual/3.21.2/checker-qual-3.21.2.jar:/home/jihadali/.m2/repository/org/zeromq/jeromq/0.6.0/jeromq-0.6.0.jar:/home/jihadali/.m2/repository/eu/neilalexander/jnacl/1.0.0/jnacl-1.0.0.jar:/home/jihadali/.m2/repository/org/slf4j/slf4j-simple/2.0.7/slf4j-simple-2.0.7.jar:/home/jihadali/.m2/repository/org/slf4j/slf4j-api/2.0.7/slf4j-api-2.0.7.jar:/home/jihadali/.m2/repository/org/testng/testng/7.9.0/testng-7.9.0.jar:/home/jihadali/.m2/repository/org/webjars/jquery/3.7.1/jquery-3.7.1.jar:"/>
    <property name="java.vm.vendor" value="Ubuntu"/>
    <property name="sun.arch.data.model" value="64"/>
    <property name="java.vendor.url" value="https://ubuntu.com/"/>
    <property name="user.timezone" value="Asia/Kolkata"/>
    <property name="suiteXmlFile" value="src/test/resources/suiteFile/debug2.xml"/>
    <property name="os.name" value="Linux"/>
    <property name="java.vm.specification.version" value="21"/>
    <property name="sun.java.launcher" value="SUN_STANDARD"/>
    <property name="user.country" value="US"/>
    <property name="sun.boot.library.path" value="/usr/lib/jvm/java-21-openjdk-amd64/lib"/>
    <property name="sun.java.command" value="/home/jihadali/Documents/Java-Maven-Learn/Sample_Project_java/target/surefire/surefirebooter-20250917141154471_3.jar /home/jihadali/Documents/Java-Maven-Learn/Sample_Project_java/target/surefire 2025-09-17T14-11-54_373-jvmRun1 surefire-20250917141154471_1tmp surefire_0-20250917141154471_2tmp"/>
    <property name="jdk.debug" value="release"/>
    <property name="surefire.test.class.path" value="/home/jihadali/Documents/Java-Maven-Learn/Sample_Project_java/target/test-classes:/home/jihadali/Documents/Java-Maven-Learn/Sample_Project_java/target/classes:/home/jihadali/.m2/repository/org/seleniumhq/selenium/selenium-java/4.35.0/selenium-java-4.35.0.jar:/home/jihadali/.m2/repository/org/seleniumhq/selenium/selenium-api/4.35.0/selenium-api-4.35.0.jar:/home/jihadali/.m2/repository/org/jspecify/jspecify/1.0.0/jspecify-1.0.0.jar:/home/jihadali/.m2/repository/org/seleniumhq/selenium/selenium-chrome-driver/4.35.0/selenium-chrome-driver-4.35.0.jar:/home/jihadali/.m2/repository/org/seleniumhq/selenium/selenium-chromium-driver/4.35.0/selenium-chromium-driver-4.35.0.jar:/home/jihadali/.m2/repository/org/seleniumhq/selenium/selenium-devtools-v137/4.35.0/selenium-devtools-v137-4.35.0.jar:/home/jihadali/.m2/repository/org/seleniumhq/selenium/selenium-devtools-v138/4.35.0/selenium-devtools-v138-4.35.0.jar:/home/jihadali/.m2/repository/org/seleniumhq/selenium/selenium-devtools-v139/4.35.0/selenium-devtools-v139-4.35.0.jar:/home/jihadali/.m2/repository/org/seleniumhq/selenium/selenium-edge-driver/4.35.0/selenium-edge-driver-4.35.0.jar:/home/jihadali/.m2/repository/org/seleniumhq/selenium/selenium-firefox-driver/4.35.0/selenium-firefox-driver-4.35.0.jar:/home/jihadali/.m2/repository/org/seleniumhq/selenium/selenium-ie-driver/4.35.0/selenium-ie-driver-4.35.0.jar:/home/jihadali/.m2/repository/org/seleniumhq/selenium/selenium-remote-driver/4.35.0/selenium-remote-driver-4.35.0.jar:/home/jihadali/.m2/repository/io/opentelemetry/opentelemetry-api/1.53.0/opentelemetry-api-1.53.0.jar:/home/jihadali/.m2/repository/io/opentelemetry/opentelemetry-context/1.53.0/opentelemetry-context-1.53.0.jar:/home/jihadali/.m2/repository/io/opentelemetry/opentelemetry-common/1.53.0/opentelemetry-common-1.53.0.jar:/home/jihadali/.m2/repository/io/opentelemetry/opentelemetry-exporter-logging/1.53.0/opentelemetry-exporter-logging-1.53.0.jar:/home/jihadali/.m2/repository/io/opentelemetry/opentelemetry-sdk-common/1.53.0/opentelemetry-sdk-common-1.53.0.jar:/home/jihadali/.m2/repository/io/opentelemetry/opentelemetry-sdk-extension-autoconfigure-spi/1.53.0/opentelemetry-sdk-extension-autoconfigure-spi-1.53.0.jar:/home/jihadali/.m2/repository/io/opentelemetry/opentelemetry-sdk-extension-autoconfigure/1.53.0/opentelemetry-sdk-extension-autoconfigure-1.53.0.jar:/home/jihadali/.m2/repository/io/opentelemetry/opentelemetry-sdk-trace/1.53.0/opentelemetry-sdk-trace-1.53.0.jar:/home/jihadali/.m2/repository/io/opentelemetry/opentelemetry-sdk/1.53.0/opentelemetry-sdk-1.53.0.jar:/home/jihadali/.m2/repository/io/opentelemetry/opentelemetry-sdk-metrics/1.53.0/opentelemetry-sdk-metrics-1.53.0.jar:/home/jihadali/.m2/repository/io/opentelemetry/opentelemetry-sdk-logs/1.53.0/opentelemetry-sdk-logs-1.53.0.jar:/home/jihadali/.m2/repository/net/bytebuddy/byte-buddy/1.17.6/byte-buddy-1.17.6.jar:/home/jihadali/.m2/repository/org/seleniumhq/selenium/selenium-os/4.35.0/selenium-os-4.35.0.jar:/home/jihadali/.m2/repository/org/apache/commons/commons-exec/1.5.0/commons-exec-1.5.0.jar:/home/jihadali/.m2/repository/org/seleniumhq/selenium/selenium-safari-driver/4.35.0/selenium-safari-driver-4.35.0.jar:/home/jihadali/.m2/repository/org/seleniumhq/selenium/selenium-support/4.35.0/selenium-support-4.35.0.jar:/home/jihadali/.m2/repository/org/seleniumhq/selenium/selenium-grid/4.35.0/selenium-grid-4.35.0.jar:/home/jihadali/.m2/repository/com/beust/jcommander/1.82/jcommander-1.82.jar:/home/jihadali/.m2/repository/com/github/ben-manes/caffeine/caffeine/3.2.2/caffeine-3.2.2.jar:/home/jihadali/.m2/repository/com/google/errorprone/error_prone_annotations/2.40.0/error_prone_annotations-2.40.0.jar:/home/jihadali/.m2/repository/com/google/auto/service/auto-service-annotations/1.1.1/auto-service-annotations-1.1.1.jar:/home/jihadali/.m2/repository/com/google/guava/guava/33.4.8-jre/guava-33.4.8-jre.jar:/home/jihadali/.m2/repository/com/google/guava/failureaccess/1.0.3/failureaccess-1.0.3.jar:/home/jihadali/.m2/repository/com/google/guava/listenablefuture/9999.0-empty-to-avoid-conflict-with-guava/listenablefuture-9999.0-empty-to-avoid-conflict-with-guava.jar:/home/jihadali/.m2/repository/com/google/j2objc/j2objc-annotations/3.0.0/j2objc-annotations-3.0.0.jar:/home/jihadali/.m2/repository/com/graphql-java/graphql-java/24.1/graphql-java-24.1.jar:/home/jihadali/.m2/repository/com/graphql-java/java-dataloader/5.0.0/java-dataloader-5.0.0.jar:/home/jihadali/.m2/repository/org/reactivestreams/reactive-streams/1.0.3/reactive-streams-1.0.3.jar:/home/jihadali/.m2/repository/dev/failsafe/failsafe/3.3.2/failsafe-3.3.2.jar:/home/jihadali/.m2/repository/io/netty/netty-buffer/4.1.121.Final/netty-buffer-4.1.121.Final.jar:/home/jihadali/.m2/repository/io/netty/netty-codec-http/4.1.121.Final/netty-codec-http-4.1.121.Final.jar:/home/jihadali/.m2/repository/io/netty/netty-codec/4.1.121.Final/netty-codec-4.1.121.Final.jar:/home/jihadali/.m2/repository/io/netty/netty-common/4.1.121.Final/netty-common-4.1.121.Final.jar:/home/jihadali/.m2/repository/io/netty/netty-handler/4.1.121.Final/netty-handler-4.1.121.Final.jar:/home/jihadali/.m2/repository/io/netty/netty-resolver/4.1.121.Final/netty-resolver-4.1.121.Final.jar:/home/jihadali/.m2/repository/io/netty/netty-transport-native-unix-common/4.1.121.Final/netty-transport-native-unix-common-4.1.121.Final.jar:/home/jihadali/.m2/repository/io/netty/netty-transport/4.1.121.Final/netty-transport-4.1.121.Final.jar:/home/jihadali/.m2/repository/org/bouncycastle/bcpkix-jdk18on/1.81/bcpkix-jdk18on-1.81.jar:/home/jihadali/.m2/repository/org/bouncycastle/bcutil-jdk18on/1.81/bcutil-jdk18on-1.81.jar:/home/jihadali/.m2/repository/org/bouncycastle/bcprov-jdk18on/1.81/bcprov-jdk18on-1.81.jar:/home/jihadali/.m2/repository/org/seleniumhq/selenium/selenium-http/4.35.0/selenium-http-4.35.0.jar:/home/jihadali/.m2/repository/org/seleniumhq/selenium/selenium-json/4.35.0/selenium-json-4.35.0.jar:/home/jihadali/.m2/repository/org/seleniumhq/selenium/selenium-manager/4.35.0/selenium-manager-4.35.0.jar:/home/jihadali/.m2/repository/org/tomlj/tomlj/1.1.1/tomlj-1.1.1.jar:/home/jihadali/.m2/repository/org/antlr/antlr4-runtime/4.11.1/antlr4-runtime-4.11.1.jar:/home/jihadali/.m2/repository/org/checkerframework/checker-qual/3.21.2/checker-qual-3.21.2.jar:/home/jihadali/.m2/repository/org/zeromq/jeromq/0.6.0/jeromq-0.6.0.jar:/home/jihadali/.m2/repository/eu/neilalexander/jnacl/1.0.0/jnacl-1.0.0.jar:/home/jihadali/.m2/repository/org/slf4j/slf4j-simple/2.0.7/slf4j-simple-2.0.7.jar:/home/jihadali/.m2/repository/org/slf4j/slf4j-api/2.0.7/slf4j-api-2.0.7.jar:/home/jihadali/.m2/repository/org/testng/testng/7.9.0/testng-7.9.0.jar:/home/jihadali/.m2/repository/org/webjars/jquery/3.7.1/jquery-3.7.1.jar:"/>
    <property name="sun.cpu.endian" value="little"/>
    <property name="user.home" value="/home/jihadali"/>
    <property name="user.language" value="en"/>
    <property name="java.specification.vendor" value="Oracle Corporation"/>
    <property name="java.version.date" value="2025-07-15"/>
    <property name="java.home" value="/usr/lib/jvm/java-21-openjdk-amd64"/>
    <property name="file.separator" value="/"/>
    <property name="basedir" value="/home/jihadali/Documents/Java-Maven-Learn/Sample_Project_java"/>
    <property name="java.vm.compressedOopsMode" value="Zero based"/>
    <property name="line.separator" value="&#10;"/>
    <property name="java.vm.specification.vendor" value="Oracle Corporation"/>
    <property name="java.specification.name" value="Java Platform API Specification"/>
    <property name="surefire.real.class.path" value="/home/jihadali/Documents/Java-Maven-Learn/Sample_Project_java/target/surefire/surefirebooter-20250917141154471_3.jar"/>
    <property name="sun.management.compiler" value="HotSpot 64-Bit Tiered Compilers"/>
    <property name="java.runtime.version" value="21.0.8+9-Ubuntu-0ubuntu122.04.1"/>
    <property name="user.name" value="jihadali"/>
    <property name="stdout.encoding" value="UTF-8"/>
    <property name="path.separator" value=":"/>
    <property name="os.version" value="6.8.0-52-generic"/>
    <property name="java.runtime.name" value="OpenJDK Runtime Environment"/>
    <property name="file.encoding" value="UTF-8"/>
    <property name="java.vm.name" value="OpenJDK 64-Bit Server VM"/>
    <property name="localRepository" value="/home/jihadali/.m2/repository"/>
    <property name="java.vendor.url.bug" value="https://bugs.launchpad.net/ubuntu/+source/openjdk-21"/>
    <property name="java.io.tmpdir" value="/tmp"/>
    <property name="java.version" value="21.0.8"/>
    <property name="user.dir" value="/home/jihadali/Documents/Java-Maven-Learn/Sample_Project_java"/>
    <property name="os.arch" value="amd64"/>
    <property name="webdriver.gecko.driver" value="/snap/bin/geckodriver"/>
    <property name="java.vm.specification.name" value="Java Virtual Machine Specification"/>
    <property name="native.encoding" value="UTF-8"/>
    <property name="java.library.path" value="/usr/java/packages/lib:/usr/lib/x86_64-linux-gnu/jni:/lib/x86_64-linux-gnu:/usr/lib/x86_64-linux-gnu:/usr/lib/jni:/lib:/usr/lib"/>
    <property name="java.vm.info" value="mixed mode, sharing"/>
    <property name="stderr.encoding" value="UTF-8"/>
    <property name="java.vendor" value="Ubuntu"/>
    <property name="java.vm.version" value="21.0.8+9-Ubuntu-0ubuntu122.04.1"/>
    <property name="sun.io.unicode.encoding" value="UnicodeLittle"/>
    <property name="java.class.version" value="65.0"/>
  </properties>
  <testcase name="invalidLogin" classname="test.LoginTest" time="2.303">
    <system-out><![CDATA[Screenshot folder initialized at: screenshots/2025-09-17/14-11-54
	Test Start :- test.LoginTest -> invalidLogin
		 Test Successful
]]></system-out>
  </testcase>
  <testcase name="validLogin" classname="test.LoginTest" time="1.095">
    <system-out><![CDATA[	Test Start :- test.LoginTest -> validLogin
		 Test Successful
]]></system-out>
  </testcase>
  <testcase name="orderMultipleProductflow" classname="test.OrderTest" time="9.859">
    <system-out><![CDATA[	Test Start :- test.OrderTest -> orderMultipleProductflow
		 Test Successful
]]></system-out>
  </testcase>
  <testcase name="validCheckoutflow" classname="test.OrderTest" time="9.254">
    <system-out><![CDATA[	Test Start :- test.OrderTest -> validCheckoutflow
		 Test Successful
]]></system-out>
  </testcase>
</testsuite>