<?xml version="1.0" encoding="UTF-8"?>
<!-- Generated by org.testng.reporters.JUnitReportReporter -->
<testsuite hostname="QB-IPL-2965" failures="0" tests="2" name="test.LoginTest" time="11.040" errors="0" timestamp="2025-09-17T14:12:32 IST" skipped="0">
  <testcase classname="test.LoginTest" name="invalidLogin" time="6.284"/>
  <testcase classname="test.LoginTest" name="validLogin" time="4.756"/>
</testsuite> <!-- test.LoginTest -->
