<?xml version="1.0" encoding="UTF-8"?>
<!-- Generated by org.testng.reporters.JUnitReportReporter -->
<testsuite hostname="QB-IPL-2965" failures="0" tests="2" name="test.OrderTest" time="26.487" errors="0" timestamp="2025-09-17T14:12:32 IST" skipped="0">
  <testcase classname="test.OrderTest" name="validCheckoutflow" time="12.864"/>
  <testcase classname="test.OrderTest" name="orderMultipleProductflow" time="13.623"/>
</testsuite> <!-- test.OrderTest -->
